{"/Users/marshallneligan/Documents/express-jobly/app.js": {"path":"/Users/marshallneligan/Documents/express-jobly/app.js","statementMap":{"0":{"start":{"line":3,"column":16},"end":{"line":3,"column":34}},"1":{"start":{"line":5,"column":21},"end":{"line":5,"column":54}},"2":{"start":{"line":7,"column":15},"end":{"line":7,"column":32}},"3":{"start":{"line":9,"column":12},"end":{"line":9,"column":21}},"4":{"start":{"line":11,"column":0},"end":{"line":11,"column":24}},"5":{"start":{"line":14,"column":0},"end":{"line":14,"column":24}},"6":{"start":{"line":17,"column":22},"end":{"line":17,"column":51}},"7":{"start":{"line":18,"column":18},"end":{"line":18,"column":42}},"8":{"start":{"line":20,"column":0},"end":{"line":20,"column":37}},"9":{"start":{"line":21,"column":0},"end":{"line":21,"column":28}},"10":{"start":{"line":26,"column":0},"end":{"line":29,"column":3}},"11":{"start":{"line":27,"column":14},"end":{"line":27,"column":48}},"12":{"start":{"line":28,"column":2},"end":{"line":28,"column":19}},"13":{"start":{"line":33,"column":0},"end":{"line":40,"column":3}},"14":{"start":{"line":34,"column":2},"end":{"line":34,"column":32}},"15":{"start":{"line":36,"column":2},"end":{"line":39,"column":5}},"16":{"start":{"line":42,"column":0},"end":{"line":42,"column":21}}},"fnMap":{"0":{"name":"(anonymous_0)","decl":{"start":{"line":26,"column":8},"end":{"line":26,"column":9}},"loc":{"start":{"line":26,"column":33},"end":{"line":29,"column":1}},"line":26},"1":{"name":"(anonymous_1)","decl":{"start":{"line":33,"column":8},"end":{"line":33,"column":9}},"loc":{"start":{"line":33,"column":38},"end":{"line":40,"column":1}},"line":33}},"branchMap":{"0":{"loc":{"start":{"line":34,"column":13},"end":{"line":34,"column":30}},"type":"binary-expr","locations":[{"start":{"line":34,"column":13},"end":{"line":34,"column":23}},{"start":{"line":34,"column":27},"end":{"line":34,"column":30}}],"line":34}},"s":{"0":1,"1":1,"2":1,"3":1,"4":1,"5":1,"6":1,"7":1,"8":1,"9":1,"10":1,"11":0,"12":0,"13":1,"14":2,"15":2,"16":1},"f":{"0":0,"1":2},"b":{"0":[2,0]},"_coverageSchema":"1a1c01bbd47fc00a2c39e90264f33305004495a9","hash":"7a972d4a005dd56b5f8daccbdf1e7887a069450f"}
,"/Users/marshallneligan/Documents/express-jobly/config.js": {"path":"/Users/marshallneligan/Documents/express-jobly/config.js","statementMap":{"0":{"start":{"line":3,"column":0},"end":{"line":3,"column":27}},"1":{"start":{"line":5,"column":19},"end":{"line":5,"column":51}},"2":{"start":{"line":7,"column":13},"end":{"line":7,"column":38}},"3":{"start":{"line":17,"column":0},"end":{"line":21,"column":1}},"4":{"start":{"line":18,"column":2},"end":{"line":18,"column":24}},"5":{"start":{"line":20,"column":2},"end":{"line":20,"column":47}},"6":{"start":{"line":23,"column":0},"end":{"line":27,"column":2}}},"fnMap":{},"branchMap":{"0":{"loc":{"start":{"line":5,"column":19},"end":{"line":5,"column":51}},"type":"binary-expr","locations":[{"start":{"line":5,"column":19},"end":{"line":5,"column":41}},{"start":{"line":5,"column":45},"end":{"line":5,"column":51}}],"line":5},"1":{"loc":{"start":{"line":7,"column":13},"end":{"line":7,"column":38}},"type":"binary-expr","locations":[{"start":{"line":7,"column":13},"end":{"line":7,"column":30}},{"start":{"line":7,"column":34},"end":{"line":7,"column":38}}],"line":7},"2":{"loc":{"start":{"line":17,"column":0},"end":{"line":21,"column":1}},"type":"if","locations":[{"start":{"line":17,"column":0},"end":{"line":21,"column":1}},{"start":{"line":17,"column":0},"end":{"line":21,"column":1}}],"line":17},"3":{"loc":{"start":{"line":20,"column":11},"end":{"line":20,"column":46}},"type":"binary-expr","locations":[{"start":{"line":20,"column":11},"end":{"line":20,"column":35}},{"start":{"line":20,"column":39},"end":{"line":20,"column":46}}],"line":20}},"s":{"0":1,"1":1,"2":1,"3":1,"4":1,"5":0,"6":1},"f":{},"b":{"0":[1,1],"1":[1,1],"2":[1,0],"3":[0,0]},"_coverageSchema":"1a1c01bbd47fc00a2c39e90264f33305004495a9","hash":"4839a192ff76d037b37fd68ce0e8f76c07904076"}
,"/Users/marshallneligan/Documents/express-jobly/db.js": {"path":"/Users/marshallneligan/Documents/express-jobly/db.js","statementMap":{"0":{"start":{"line":3,"column":19},"end":{"line":3,"column":32}},"1":{"start":{"line":4,"column":19},"end":{"line":4,"column":38}},"2":{"start":{"line":6,"column":11},"end":{"line":8,"column":2}},"3":{"start":{"line":10,"column":0},"end":{"line":10,"column":13}},"4":{"start":{"line":12,"column":0},"end":{"line":12,"column":20}}},"fnMap":{},"branchMap":{},"s":{"0":1,"1":1,"2":1,"3":1,"4":1},"f":{},"b":{},"_coverageSchema":"1a1c01bbd47fc00a2c39e90264f33305004495a9","hash":"9647a9142ec7e2aa3b811ea32de6179fd1b94221"}
,"/Users/marshallneligan/Documents/express-jobly/expressError.js": {"path":"/Users/marshallneligan/Documents/express-jobly/expressError.js","statementMap":{"0":{"start":{"line":9,"column":4},"end":{"line":9,"column":12}},"1":{"start":{"line":10,"column":4},"end":{"line":10,"column":27}},"2":{"start":{"line":11,"column":4},"end":{"line":11,"column":25}},"3":{"start":{"line":12,"column":4},"end":{"line":12,"column":66}},"4":{"start":{"line":12,"column":40},"end":{"line":12,"column":66}},"5":{"start":{"line":17,"column":0},"end":{"line":17,"column":30}}},"fnMap":{"0":{"name":"(anonymous_0)","decl":{"start":{"line":8,"column":2},"end":{"line":8,"column":3}},"loc":{"start":{"line":8,"column":31},"end":{"line":13,"column":3}},"line":8}},"branchMap":{"0":{"loc":{"start":{"line":12,"column":4},"end":{"line":12,"column":66}},"type":"if","locations":[{"start":{"line":12,"column":4},"end":{"line":12,"column":66}},{"start":{"line":12,"column":4},"end":{"line":12,"column":66}}],"line":12}},"s":{"0":2,"1":2,"2":2,"3":2,"4":0,"5":1},"f":{"0":2},"b":{"0":[0,2]},"_coverageSchema":"1a1c01bbd47fc00a2c39e90264f33305004495a9","hash":"b29ff007706a609eafe14d13a8bfa219fcc12057"}
,"/Users/marshallneligan/Documents/express-jobly/helpers/expressError.js": {"path":"/Users/marshallneligan/Documents/express-jobly/helpers/expressError.js","statementMap":{"0":{"start":{"line":11,"column":4},"end":{"line":11,"column":12}},"1":{"start":{"line":12,"column":4},"end":{"line":12,"column":27}},"2":{"start":{"line":13,"column":4},"end":{"line":13,"column":25}},"3":{"start":{"line":14,"column":4},"end":{"line":14,"column":30}},"4":{"start":{"line":18,"column":0},"end":{"line":18,"column":30}}},"fnMap":{"0":{"name":"(anonymous_0)","decl":{"start":{"line":10,"column":2},"end":{"line":10,"column":3}},"loc":{"start":{"line":10,"column":31},"end":{"line":15,"column":3}},"line":10}},"branchMap":{},"s":{"0":0,"1":0,"2":0,"3":0,"4":1},"f":{"0":0},"b":{},"_coverageSchema":"1a1c01bbd47fc00a2c39e90264f33305004495a9","hash":"624bf1137a625ce3041005647d1a16504d6bcb2f"}
,"/Users/marshallneligan/Documents/express-jobly/helpers/partialUpdate.js": {"path":"/Users/marshallneligan/Documents/express-jobly/helpers/partialUpdate.js","statementMap":{"0":{"start":{"line":19,"column":12},"end":{"line":19,"column":13}},"1":{"start":{"line":20,"column":16},"end":{"line":20,"column":18}},"2":{"start":{"line":23,"column":2},"end":{"line":27,"column":3}},"3":{"start":{"line":24,"column":4},"end":{"line":26,"column":5}},"4":{"start":{"line":25,"column":6},"end":{"line":25,"column":24}},"5":{"start":{"line":29,"column":2},"end":{"line":32,"column":3}},"6":{"start":{"line":30,"column":4},"end":{"line":30,"column":38}},"7":{"start":{"line":31,"column":4},"end":{"line":31,"column":13}},"8":{"start":{"line":35,"column":13},"end":{"line":35,"column":31}},"9":{"start":{"line":36,"column":14},"end":{"line":36,"column":76}},"10":{"start":{"line":38,"column":15},"end":{"line":38,"column":35}},"11":{"start":{"line":39,"column":2},"end":{"line":39,"column":18}},"12":{"start":{"line":41,"column":2},"end":{"line":41,"column":27}},"13":{"start":{"line":44,"column":0},"end":{"line":44,"column":37}}},"fnMap":{"0":{"name":"sqlForPartialUpdate","decl":{"start":{"line":15,"column":9},"end":{"line":15,"column":28}},"loc":{"start":{"line":15,"column":52},"end":{"line":42,"column":1}},"line":15}},"branchMap":{"0":{"loc":{"start":{"line":24,"column":4},"end":{"line":26,"column":5}},"type":"if","locations":[{"start":{"line":24,"column":4},"end":{"line":26,"column":5}},{"start":{"line":24,"column":4},"end":{"line":26,"column":5}}],"line":24}},"s":{"0":1,"1":1,"2":1,"3":1,"4":0,"5":1,"6":1,"7":1,"8":1,"9":1,"10":1,"11":1,"12":1,"13":1},"f":{"0":1},"b":{"0":[0,1]},"_coverageSchema":"1a1c01bbd47fc00a2c39e90264f33305004495a9","hash":"bf0be29d672450bb7ba35ee0fed817bad72ef43f"}
,"/Users/marshallneligan/Documents/express-jobly/models/company.js": {"path":"/Users/marshallneligan/Documents/express-jobly/models/company.js","statementMap":{"0":{"start":{"line":1,"column":11},"end":{"line":1,"column":27}},"1":{"start":{"line":2,"column":21},"end":{"line":2,"column":47}},"2":{"start":{"line":3,"column":22},"end":{"line":3,"column":57}},"3":{"start":{"line":9,"column":19},"end":{"line":9,"column":21}},"4":{"start":{"line":10,"column":17},"end":{"line":10,"column":19}},"5":{"start":{"line":11,"column":4},"end":{"line":24,"column":5}},"6":{"start":{"line":12,"column":6},"end":{"line":15,"column":7}},"7":{"start":{"line":13,"column":8},"end":{"line":13,"column":56}},"8":{"start":{"line":14,"column":8},"end":{"line":14,"column":35}},"9":{"start":{"line":16,"column":6},"end":{"line":19,"column":7}},"10":{"start":{"line":17,"column":8},"end":{"line":17,"column":64}},"11":{"start":{"line":18,"column":8},"end":{"line":18,"column":35}},"12":{"start":{"line":20,"column":6},"end":{"line":23,"column":7}},"13":{"start":{"line":21,"column":8},"end":{"line":21,"column":64}},"14":{"start":{"line":22,"column":8},"end":{"line":22,"column":35}},"15":{"start":{"line":26,"column":4},"end":{"line":30,"column":5}},"16":{"start":{"line":27,"column":6},"end":{"line":29,"column":7}},"17":{"start":{"line":28,"column":8},"end":{"line":28,"column":65}},"18":{"start":{"line":32,"column":20},"end":{"line":32,"column":56}},"19":{"start":{"line":33,"column":4},"end":{"line":35,"column":5}},"20":{"start":{"line":34,"column":6},"end":{"line":34,"column":54}},"21":{"start":{"line":36,"column":22},"end":{"line":38,"column":5}},"22":{"start":{"line":40,"column":4},"end":{"line":40,"column":26}},"23":{"start":{"line":49,"column":20},"end":{"line":54,"column":5}},"24":{"start":{"line":56,"column":4},"end":{"line":56,"column":27}},"25":{"start":{"line":61,"column":20},"end":{"line":67,"column":5}},"26":{"start":{"line":69,"column":4},"end":{"line":71,"column":5}},"27":{"start":{"line":70,"column":6},"end":{"line":70,"column":69}},"28":{"start":{"line":73,"column":44},"end":{"line":73,"column":59}},"29":{"start":{"line":74,"column":15},"end":{"line":76,"column":71}},"30":{"start":{"line":75,"column":43},"end":{"line":75,"column":68}},"31":{"start":{"line":76,"column":45},"end":{"line":76,"column":70}},"32":{"start":{"line":78,"column":4},"end":{"line":78,"column":57}},"33":{"start":{"line":82,"column":30},"end":{"line":82,"column":88}},"34":{"start":{"line":83,"column":20},"end":{"line":83,"column":49}},"35":{"start":{"line":85,"column":4},"end":{"line":87,"column":5}},"36":{"start":{"line":86,"column":6},"end":{"line":86,"column":82}},"37":{"start":{"line":89,"column":4},"end":{"line":89,"column":27}},"38":{"start":{"line":94,"column":20},"end":{"line":97,"column":32}},"39":{"start":{"line":99,"column":4},"end":{"line":101,"column":5}},"40":{"start":{"line":100,"column":6},"end":{"line":100,"column":82}},"41":{"start":{"line":103,"column":4},"end":{"line":103,"column":27}},"42":{"start":{"line":107,"column":0},"end":{"line":107,"column":25}}},"fnMap":{"0":{"name":"(anonymous_0)","decl":{"start":{"line":7,"column":2},"end":{"line":7,"column":3}},"loc":{"start":{"line":7,"column":29},"end":{"line":41,"column":3}},"line":7},"1":{"name":"(anonymous_1)","decl":{"start":{"line":47,"column":2},"end":{"line":47,"column":3}},"loc":{"start":{"line":47,"column":78},"end":{"line":57,"column":3}},"line":47},"2":{"name":"(anonymous_2)","decl":{"start":{"line":60,"column":2},"end":{"line":60,"column":3}},"loc":{"start":{"line":60,"column":29},"end":{"line":79,"column":3}},"line":60},"3":{"name":"(anonymous_3)","decl":{"start":{"line":75,"column":11},"end":{"line":75,"column":12}},"loc":{"start":{"line":75,"column":43},"end":{"line":75,"column":68}},"line":75},"4":{"name":"(anonymous_4)","decl":{"start":{"line":76,"column":14},"end":{"line":76,"column":15}},"loc":{"start":{"line":76,"column":45},"end":{"line":76,"column":70}},"line":76},"5":{"name":"(anonymous_5)","decl":{"start":{"line":81,"column":2},"end":{"line":81,"column":3}},"loc":{"start":{"line":81,"column":44},"end":{"line":90,"column":3}},"line":81},"6":{"name":"(anonymous_6)","decl":{"start":{"line":93,"column":2},"end":{"line":93,"column":3}},"loc":{"start":{"line":93,"column":30},"end":{"line":104,"column":3}},"line":93}},"branchMap":{"0":{"loc":{"start":{"line":12,"column":6},"end":{"line":15,"column":7}},"type":"if","locations":[{"start":{"line":12,"column":6},"end":{"line":15,"column":7}},{"start":{"line":12,"column":6},"end":{"line":15,"column":7}}],"line":12},"1":{"loc":{"start":{"line":16,"column":6},"end":{"line":19,"column":7}},"type":"if","locations":[{"start":{"line":16,"column":6},"end":{"line":19,"column":7}},{"start":{"line":16,"column":6},"end":{"line":19,"column":7}}],"line":16},"2":{"loc":{"start":{"line":20,"column":6},"end":{"line":23,"column":7}},"type":"if","locations":[{"start":{"line":20,"column":6},"end":{"line":23,"column":7}},{"start":{"line":20,"column":6},"end":{"line":23,"column":7}}],"line":20},"3":{"loc":{"start":{"line":26,"column":4},"end":{"line":30,"column":5}},"type":"if","locations":[{"start":{"line":26,"column":4},"end":{"line":30,"column":5}},{"start":{"line":26,"column":4},"end":{"line":30,"column":5}}],"line":26},"4":{"loc":{"start":{"line":26,"column":8},"end":{"line":26,"column":62}},"type":"binary-expr","locations":[{"start":{"line":26,"column":8},"end":{"line":26,"column":33}},{"start":{"line":26,"column":37},"end":{"line":26,"column":62}}],"line":26},"5":{"loc":{"start":{"line":27,"column":6},"end":{"line":29,"column":7}},"type":"if","locations":[{"start":{"line":27,"column":6},"end":{"line":29,"column":7}},{"start":{"line":27,"column":6},"end":{"line":29,"column":7}}],"line":27},"6":{"loc":{"start":{"line":33,"column":4},"end":{"line":35,"column":5}},"type":"if","locations":[{"start":{"line":33,"column":4},"end":{"line":35,"column":5}},{"start":{"line":33,"column":4},"end":{"line":35,"column":5}}],"line":33},"7":{"loc":{"start":{"line":69,"column":4},"end":{"line":71,"column":5}},"type":"if","locations":[{"start":{"line":69,"column":4},"end":{"line":71,"column":5}},{"start":{"line":69,"column":4},"end":{"line":71,"column":5}}],"line":69},"8":{"loc":{"start":{"line":76,"column":45},"end":{"line":76,"column":70}},"type":"binary-expr","locations":[{"start":{"line":76,"column":45},"end":{"line":76,"column":50}},{"start":{"line":76,"column":54},"end":{"line":76,"column":60}},{"start":{"line":76,"column":64},"end":{"line":76,"column":70}}],"line":76},"9":{"loc":{"start":{"line":85,"column":4},"end":{"line":87,"column":5}},"type":"if","locations":[{"start":{"line":85,"column":4},"end":{"line":87,"column":5}},{"start":{"line":85,"column":4},"end":{"line":87,"column":5}}],"line":85},"10":{"loc":{"start":{"line":99,"column":4},"end":{"line":101,"column":5}},"type":"if","locations":[{"start":{"line":99,"column":4},"end":{"line":101,"column":5}},{"start":{"line":99,"column":4},"end":{"line":101,"column":5}}],"line":99}},"s":{"0":1,"1":1,"2":1,"3":0,"4":0,"5":0,"6":0,"7":0,"8":0,"9":0,"10":0,"11":0,"12":0,"13":0,"14":0,"15":0,"16":0,"17":0,"18":0,"19":0,"20":0,"21":0,"22":0,"23":5,"24":5,"25":1,"26":1,"27":0,"28":1,"29":1,"30":3,"31":3,"32":1,"33":0,"34":0,"35":0,"36":0,"37":0,"38":0,"39":0,"40":0,"41":0,"42":1},"f":{"0":0,"1":5,"2":1,"3":3,"4":3,"5":0,"6":0},"b":{"0":[0,0],"1":[0,0],"2":[0,0],"3":[0,0],"4":[0,0],"5":[0,0],"6":[0,0],"7":[0,1],"8":[3,3,3],"9":[0,0],"10":[0,0]},"_coverageSchema":"1a1c01bbd47fc00a2c39e90264f33305004495a9","hash":"28c53443d3a4597f88fa006a3521f02ccc1423ea"}
,"/Users/marshallneligan/Documents/express-jobly/models/job.js": {"path":"/Users/marshallneligan/Documents/express-jobly/models/job.js","statementMap":{"0":{"start":{"line":1,"column":11},"end":{"line":1,"column":27}},"1":{"start":{"line":2,"column":21},"end":{"line":2,"column":47}},"2":{"start":{"line":3,"column":22},"end":{"line":3,"column":57}},"3":{"start":{"line":15,"column":16},"end":{"line":20,"column":5}},"4":{"start":{"line":22,"column":4},"end":{"line":22,"column":95}},"5":{"start":{"line":22,"column":26},"end":{"line":22,"column":95}},"6":{"start":{"line":23,"column":4},"end":{"line":23,"column":23}},"7":{"start":{"line":32,"column":21},"end":{"line":32,"column":23}},"8":{"start":{"line":33,"column":19},"end":{"line":33,"column":21}},"9":{"start":{"line":34,"column":18},"end":{"line":34,"column":72}},"10":{"start":{"line":36,"column":4},"end":{"line":49,"column":5}},"11":{"start":{"line":37,"column":6},"end":{"line":40,"column":7}},"12":{"start":{"line":38,"column":8},"end":{"line":38,"column":64}},"13":{"start":{"line":39,"column":8},"end":{"line":39,"column":35}},"14":{"start":{"line":41,"column":6},"end":{"line":44,"column":7}},"15":{"start":{"line":42,"column":8},"end":{"line":42,"column":57}},"16":{"start":{"line":43,"column":8},"end":{"line":43,"column":35}},"17":{"start":{"line":45,"column":6},"end":{"line":48,"column":7}},"18":{"start":{"line":46,"column":8},"end":{"line":46,"column":57}},"19":{"start":{"line":47,"column":8},"end":{"line":47,"column":35}},"20":{"start":{"line":51,"column":4},"end":{"line":53,"column":5}},"21":{"start":{"line":52,"column":6},"end":{"line":52,"column":51}},"22":{"start":{"line":55,"column":4},"end":{"line":55,"column":44}},"23":{"start":{"line":56,"column":17},"end":{"line":56,"column":48}},"24":{"start":{"line":57,"column":4},"end":{"line":57,"column":21}},"25":{"start":{"line":66,"column":16},"end":{"line":68,"column":51}},"26":{"start":{"line":70,"column":4},"end":{"line":70,"column":23}},"27":{"start":{"line":79,"column":30},"end":{"line":79,"column":75}},"28":{"start":{"line":80,"column":16},"end":{"line":80,"column":45}},"29":{"start":{"line":82,"column":4},"end":{"line":84,"column":5}},"30":{"start":{"line":83,"column":6},"end":{"line":83,"column":78}},"31":{"start":{"line":86,"column":4},"end":{"line":86,"column":23}},"32":{"start":{"line":95,"column":16},"end":{"line":98,"column":27}},"33":{"start":{"line":100,"column":4},"end":{"line":100,"column":23}},"34":{"start":{"line":104,"column":0},"end":{"line":104,"column":21}}},"fnMap":{"0":{"name":"(anonymous_0)","decl":{"start":{"line":14,"column":2},"end":{"line":14,"column":3}},"loc":{"start":{"line":14,"column":65},"end":{"line":24,"column":3}},"line":14},"1":{"name":"(anonymous_1)","decl":{"start":{"line":31,"column":2},"end":{"line":31,"column":3}},"loc":{"start":{"line":31,"column":29},"end":{"line":58,"column":3}},"line":31},"2":{"name":"(anonymous_2)","decl":{"start":{"line":65,"column":2},"end":{"line":65,"column":3}},"loc":{"start":{"line":65,"column":25},"end":{"line":71,"column":3}},"line":65},"3":{"name":"(anonymous_3)","decl":{"start":{"line":78,"column":2},"end":{"line":78,"column":3}},"loc":{"start":{"line":78,"column":40},"end":{"line":87,"column":3}},"line":78},"4":{"name":"(anonymous_4)","decl":{"start":{"line":94,"column":2},"end":{"line":94,"column":3}},"loc":{"start":{"line":94,"column":26},"end":{"line":101,"column":3}},"line":94}},"branchMap":{"0":{"loc":{"start":{"line":22,"column":4},"end":{"line":22,"column":95}},"type":"if","locations":[{"start":{"line":22,"column":4},"end":{"line":22,"column":95}},{"start":{"line":22,"column":4},"end":{"line":22,"column":95}}],"line":22},"1":{"loc":{"start":{"line":37,"column":6},"end":{"line":40,"column":7}},"type":"if","locations":[{"start":{"line":37,"column":6},"end":{"line":40,"column":7}},{"start":{"line":37,"column":6},"end":{"line":40,"column":7}}],"line":37},"2":{"loc":{"start":{"line":41,"column":6},"end":{"line":44,"column":7}},"type":"if","locations":[{"start":{"line":41,"column":6},"end":{"line":44,"column":7}},{"start":{"line":41,"column":6},"end":{"line":44,"column":7}}],"line":41},"3":{"loc":{"start":{"line":45,"column":6},"end":{"line":48,"column":7}},"type":"if","locations":[{"start":{"line":45,"column":6},"end":{"line":48,"column":7}},{"start":{"line":45,"column":6},"end":{"line":48,"column":7}}],"line":45},"4":{"loc":{"start":{"line":51,"column":4},"end":{"line":53,"column":5}},"type":"if","locations":[{"start":{"line":51,"column":4},"end":{"line":53,"column":5}},{"start":{"line":51,"column":4},"end":{"line":53,"column":5}}],"line":51},"5":{"loc":{"start":{"line":82,"column":4},"end":{"line":84,"column":5}},"type":"if","locations":[{"start":{"line":82,"column":4},"end":{"line":84,"column":5}},{"start":{"line":82,"column":4},"end":{"line":84,"column":5}}],"line":82}},"s":{"0":1,"1":1,"2":1,"3":12,"4":11,"5":0,"6":11,"7":6,"8":6,"9":6,"10":6,"11":7,"12":2,"13":2,"14":7,"15":3,"16":3,"17":7,"18":2,"19":2,"20":6,"21":5,"22":6,"23":6,"24":6,"25":1,"26":1,"27":1,"28":1,"29":1,"30":0,"31":1,"32":1,"33":1,"34":1},"f":{"0":12,"1":6,"2":1,"3":1,"4":1},"b":{"0":[0,11],"1":[2,5],"2":[3,4],"3":[2,5],"4":[5,1],"5":[0,1]},"_coverageSchema":"1a1c01bbd47fc00a2c39e90264f33305004495a9","hash":"7edb58a85f88f953f8fadc842326798b45d325f1"}
,"/Users/marshallneligan/Documents/express-jobly/routes/companies.js": {"path":"/Users/marshallneligan/Documents/express-jobly/routes/companies.js","statementMap":{"0":{"start":{"line":1,"column":16},"end":{"line":1,"column":34}},"1":{"start":{"line":2,"column":16},"end":{"line":2,"column":44}},"2":{"start":{"line":3,"column":21},"end":{"line":3,"column":47}},"3":{"start":{"line":4,"column":15},"end":{"line":4,"column":35}},"4":{"start":{"line":5,"column":19},"end":{"line":5,"column":40}},"5":{"start":{"line":6,"column":22},"end":{"line":6,"column":62}},"6":{"start":{"line":7,"column":28},"end":{"line":7,"column":74}},"7":{"start":{"line":14,"column":0},"end":{"line":22,"column":3}},"8":{"start":{"line":15,"column":2},"end":{"line":21,"column":3}},"9":{"start":{"line":16,"column":22},"end":{"line":16,"column":50}},"10":{"start":{"line":18,"column":4},"end":{"line":18,"column":33}},"11":{"start":{"line":20,"column":4},"end":{"line":20,"column":21}},"12":{"start":{"line":29,"column":0},"end":{"line":42,"column":3}},"13":{"start":{"line":30,"column":2},"end":{"line":41,"column":3}},"14":{"start":{"line":31,"column":19},"end":{"line":31,"column":63}},"15":{"start":{"line":33,"column":4},"end":{"line":36,"column":5}},"16":{"start":{"line":34,"column":25},"end":{"line":34,"column":64}},"17":{"start":{"line":34,"column":52},"end":{"line":34,"column":63}},"18":{"start":{"line":35,"column":6},"end":{"line":35,"column":48}},"19":{"start":{"line":37,"column":20},"end":{"line":37,"column":50}},"20":{"start":{"line":38,"column":4},"end":{"line":38,"column":43}},"21":{"start":{"line":40,"column":4},"end":{"line":40,"column":21}},"22":{"start":{"line":49,"column":0},"end":{"line":58,"column":3}},"23":{"start":{"line":50,"column":2},"end":{"line":57,"column":3}},"24":{"start":{"line":51,"column":23},"end":{"line":51,"column":33}},"25":{"start":{"line":52,"column":20},"end":{"line":52,"column":47}},"26":{"start":{"line":54,"column":4},"end":{"line":54,"column":29}},"27":{"start":{"line":56,"column":4},"end":{"line":56,"column":21}},"28":{"start":{"line":65,"column":0},"end":{"line":81,"column":3}},"29":{"start":{"line":66,"column":2},"end":{"line":80,"column":3}},"30":{"start":{"line":68,"column":19},"end":{"line":68,"column":69}},"31":{"start":{"line":69,"column":4},"end":{"line":72,"column":5}},"32":{"start":{"line":70,"column":25},"end":{"line":70,"column":64}},"33":{"start":{"line":70,"column":52},"end":{"line":70,"column":63}},"34":{"start":{"line":71,"column":6},"end":{"line":71,"column":48}},"35":{"start":{"line":74,"column":23},"end":{"line":74,"column":33}},"36":{"start":{"line":75,"column":20},"end":{"line":75,"column":58}},"37":{"start":{"line":77,"column":4},"end":{"line":77,"column":33}},"38":{"start":{"line":79,"column":4},"end":{"line":79,"column":21}},"39":{"start":{"line":88,"column":0},"end":{"line":98,"column":3}},"40":{"start":{"line":89,"column":2},"end":{"line":97,"column":3}},"41":{"start":{"line":90,"column":23},"end":{"line":90,"column":33}},"42":{"start":{"line":92,"column":20},"end":{"line":92,"column":48}},"43":{"start":{"line":94,"column":4},"end":{"line":94,"column":59}},"44":{"start":{"line":96,"column":4},"end":{"line":96,"column":21}},"45":{"start":{"line":100,"column":0},"end":{"line":100,"column":24}}},"fnMap":{"0":{"name":"(anonymous_0)","decl":{"start":{"line":14,"column":16},"end":{"line":14,"column":17}},"loc":{"start":{"line":14,"column":43},"end":{"line":22,"column":1}},"line":14},"1":{"name":"(anonymous_1)","decl":{"start":{"line":29,"column":17},"end":{"line":29,"column":18}},"loc":{"start":{"line":29,"column":43},"end":{"line":42,"column":1}},"line":29},"2":{"name":"(anonymous_2)","decl":{"start":{"line":34,"column":43},"end":{"line":34,"column":44}},"loc":{"start":{"line":34,"column":52},"end":{"line":34,"column":63}},"line":34},"3":{"name":"(anonymous_3)","decl":{"start":{"line":49,"column":23},"end":{"line":49,"column":24}},"loc":{"start":{"line":49,"column":49},"end":{"line":58,"column":1}},"line":49},"4":{"name":"(anonymous_4)","decl":{"start":{"line":65,"column":25},"end":{"line":65,"column":26}},"loc":{"start":{"line":65,"column":51},"end":{"line":81,"column":1}},"line":65},"5":{"name":"(anonymous_5)","decl":{"start":{"line":70,"column":43},"end":{"line":70,"column":44}},"loc":{"start":{"line":70,"column":52},"end":{"line":70,"column":63}},"line":70},"6":{"name":"(anonymous_6)","decl":{"start":{"line":88,"column":26},"end":{"line":88,"column":27}},"loc":{"start":{"line":88,"column":52},"end":{"line":98,"column":1}},"line":88}},"branchMap":{"0":{"loc":{"start":{"line":33,"column":4},"end":{"line":36,"column":5}},"type":"if","locations":[{"start":{"line":33,"column":4},"end":{"line":36,"column":5}},{"start":{"line":33,"column":4},"end":{"line":36,"column":5}}],"line":33},"1":{"loc":{"start":{"line":69,"column":4},"end":{"line":72,"column":5}},"type":"if","locations":[{"start":{"line":69,"column":4},"end":{"line":72,"column":5}},{"start":{"line":69,"column":4},"end":{"line":72,"column":5}}],"line":69}},"s":{"0":1,"1":1,"2":1,"3":1,"4":1,"5":1,"6":1,"7":1,"8":0,"9":0,"10":0,"11":0,"12":1,"13":5,"14":5,"15":5,"16":0,"17":0,"18":0,"19":5,"20":5,"21":0,"22":1,"23":1,"24":1,"25":1,"26":1,"27":0,"28":1,"29":0,"30":0,"31":0,"32":0,"33":0,"34":0,"35":0,"36":0,"37":0,"38":0,"39":1,"40":0,"41":0,"42":0,"43":0,"44":0,"45":1},"f":{"0":0,"1":5,"2":0,"3":1,"4":0,"5":0,"6":0},"b":{"0":[0,5],"1":[0,0]},"_coverageSchema":"1a1c01bbd47fc00a2c39e90264f33305004495a9","hash":"b979fae549d11e5b3210dc8ad2b17f024d43d042"}
,"/Users/marshallneligan/Documents/express-jobly/routes/jobs.js": {"path":"/Users/marshallneligan/Documents/express-jobly/routes/jobs.js","statementMap":{"0":{"start":{"line":1,"column":16},"end":{"line":1,"column":34}},"1":{"start":{"line":2,"column":12},"end":{"line":2,"column":36}},"2":{"start":{"line":3,"column":21},"end":{"line":3,"column":47}},"3":{"start":{"line":4,"column":15},"end":{"line":4,"column":35}},"4":{"start":{"line":5,"column":19},"end":{"line":5,"column":40}},"5":{"start":{"line":6,"column":22},"end":{"line":6,"column":62}},"6":{"start":{"line":7,"column":23},"end":{"line":7,"column":64}},"7":{"start":{"line":14,"column":0},"end":{"line":32,"column":3}},"8":{"start":{"line":15,"column":17},"end":{"line":15,"column":61}},"9":{"start":{"line":17,"column":2},"end":{"line":31,"column":3}},"10":{"start":{"line":18,"column":4},"end":{"line":21,"column":5}},"11":{"start":{"line":19,"column":25},"end":{"line":19,"column":64}},"12":{"start":{"line":19,"column":52},"end":{"line":19,"column":63}},"13":{"start":{"line":20,"column":6},"end":{"line":20,"column":48}},"14":{"start":{"line":22,"column":16},"end":{"line":22,"column":42}},"15":{"start":{"line":23,"column":4},"end":{"line":23,"column":41}},"16":{"start":{"line":25,"column":4},"end":{"line":29,"column":5}},"17":{"start":{"line":26,"column":6},"end":{"line":28,"column":7}},"18":{"start":{"line":27,"column":8},"end":{"line":27,"column":84}},"19":{"start":{"line":30,"column":4},"end":{"line":30,"column":21}},"20":{"start":{"line":39,"column":0},"end":{"line":46,"column":3}},"21":{"start":{"line":40,"column":2},"end":{"line":45,"column":3}},"22":{"start":{"line":41,"column":17},"end":{"line":41,"column":41}},"23":{"start":{"line":42,"column":4},"end":{"line":42,"column":30}},"24":{"start":{"line":44,"column":4},"end":{"line":44,"column":21}},"25":{"start":{"line":53,"column":0},"end":{"line":62,"column":3}},"26":{"start":{"line":54,"column":2},"end":{"line":61,"column":3}},"27":{"start":{"line":55,"column":19},"end":{"line":55,"column":29}},"28":{"start":{"line":56,"column":16},"end":{"line":56,"column":35}},"29":{"start":{"line":57,"column":4},"end":{"line":57,"column":29}},"30":{"start":{"line":60,"column":4},"end":{"line":60,"column":21}},"31":{"start":{"line":69,"column":0},"end":{"line":84,"column":3}},"32":{"start":{"line":70,"column":2},"end":{"line":83,"column":3}},"33":{"start":{"line":71,"column":19},"end":{"line":71,"column":29}},"34":{"start":{"line":72,"column":16},"end":{"line":72,"column":46}},"35":{"start":{"line":74,"column":19},"end":{"line":74,"column":64}},"36":{"start":{"line":75,"column":4},"end":{"line":78,"column":5}},"37":{"start":{"line":76,"column":25},"end":{"line":76,"column":64}},"38":{"start":{"line":76,"column":52},"end":{"line":76,"column":63}},"39":{"start":{"line":77,"column":6},"end":{"line":77,"column":48}},"40":{"start":{"line":80,"column":4},"end":{"line":80,"column":29}},"41":{"start":{"line":82,"column":4},"end":{"line":82,"column":21}},"42":{"start":{"line":91,"column":0},"end":{"line":99,"column":3}},"43":{"start":{"line":92,"column":2},"end":{"line":98,"column":3}},"44":{"start":{"line":93,"column":19},"end":{"line":93,"column":29}},"45":{"start":{"line":94,"column":16},"end":{"line":94,"column":36}},"46":{"start":{"line":95,"column":4},"end":{"line":95,"column":52}},"47":{"start":{"line":97,"column":4},"end":{"line":97,"column":21}},"48":{"start":{"line":101,"column":0},"end":{"line":101,"column":24}}},"fnMap":{"0":{"name":"(anonymous_0)","decl":{"start":{"line":14,"column":17},"end":{"line":14,"column":18}},"loc":{"start":{"line":14,"column":43},"end":{"line":32,"column":1}},"line":14},"1":{"name":"(anonymous_1)","decl":{"start":{"line":19,"column":43},"end":{"line":19,"column":44}},"loc":{"start":{"line":19,"column":52},"end":{"line":19,"column":63}},"line":19},"2":{"name":"(anonymous_2)","decl":{"start":{"line":39,"column":16},"end":{"line":39,"column":17}},"loc":{"start":{"line":39,"column":42},"end":{"line":46,"column":1}},"line":39},"3":{"name":"(anonymous_3)","decl":{"start":{"line":53,"column":19},"end":{"line":53,"column":20}},"loc":{"start":{"line":53,"column":45},"end":{"line":62,"column":1}},"line":53},"4":{"name":"(anonymous_4)","decl":{"start":{"line":69,"column":21},"end":{"line":69,"column":22}},"loc":{"start":{"line":69,"column":47},"end":{"line":84,"column":1}},"line":69},"5":{"name":"(anonymous_5)","decl":{"start":{"line":76,"column":43},"end":{"line":76,"column":44}},"loc":{"start":{"line":76,"column":52},"end":{"line":76,"column":63}},"line":76},"6":{"name":"(anonymous_6)","decl":{"start":{"line":91,"column":22},"end":{"line":91,"column":23}},"loc":{"start":{"line":91,"column":48},"end":{"line":99,"column":1}},"line":91}},"branchMap":{"0":{"loc":{"start":{"line":18,"column":4},"end":{"line":21,"column":5}},"type":"if","locations":[{"start":{"line":18,"column":4},"end":{"line":21,"column":5}},{"start":{"line":18,"column":4},"end":{"line":21,"column":5}}],"line":18},"1":{"loc":{"start":{"line":25,"column":4},"end":{"line":29,"column":5}},"type":"if","locations":[{"start":{"line":25,"column":4},"end":{"line":29,"column":5}},{"start":{"line":25,"column":4},"end":{"line":29,"column":5}}],"line":25},"2":{"loc":{"start":{"line":26,"column":6},"end":{"line":28,"column":7}},"type":"if","locations":[{"start":{"line":26,"column":6},"end":{"line":28,"column":7}},{"start":{"line":26,"column":6},"end":{"line":28,"column":7}}],"line":26},"3":{"loc":{"start":{"line":75,"column":4},"end":{"line":78,"column":5}},"type":"if","locations":[{"start":{"line":75,"column":4},"end":{"line":78,"column":5}},{"start":{"line":75,"column":4},"end":{"line":78,"column":5}}],"line":75}},"s":{"0":1,"1":1,"2":1,"3":1,"4":1,"5":1,"6":1,"7":1,"8":13,"9":13,"10":13,"11":1,"12":1,"13":1,"14":12,"15":11,"16":2,"17":1,"18":1,"19":1,"20":1,"21":6,"22":6,"23":6,"24":0,"25":1,"26":1,"27":1,"28":1,"29":1,"30":0,"31":1,"32":1,"33":1,"34":1,"35":1,"36":1,"37":0,"38":0,"39":0,"40":1,"41":0,"42":1,"43":1,"44":1,"45":1,"46":1,"47":0,"48":1},"f":{"0":13,"1":1,"2":6,"3":1,"4":1,"5":0,"6":1},"b":{"0":[1,12],"1":[1,1],"2":[1,0],"3":[0,1]},"_coverageSchema":"1a1c01bbd47fc00a2c39e90264f33305004495a9","hash":"48eb15b68d7f02a84b1fcbdbe8a7e2ddbfbae10b"}
}
