TN:
SF:app.js
FN:26,(anonymous_0)
FN:33,(anonymous_1)
FNF:2
FNH:1
FNDA:0,(anonymous_0)
FNDA:2,(anonymous_1)
DA:3,1
DA:5,1
DA:7,1
DA:9,1
DA:11,1
DA:14,1
DA:17,1
DA:18,1
DA:20,1
DA:21,1
DA:26,1
DA:27,0
DA:28,0
DA:33,1
DA:34,2
DA:36,2
DA:42,1
LF:17
LH:15
BRDA:34,0,0,2
BRDA:34,0,1,0
BRF:2
BRH:1
end_of_record
TN:
SF:config.js
FNF:0
FNH:0
DA:3,1
DA:5,1
DA:7,1
DA:17,1
DA:18,1
DA:20,0
DA:23,1
LF:7
LH:6
BRDA:5,0,0,1
BRDA:5,0,1,1
BRDA:7,1,0,1
BRDA:7,1,1,1
BRDA:17,2,0,1
BRDA:17,2,1,0
BRDA:20,3,0,0
BRDA:20,3,1,0
BRF:8
BRH:5
end_of_record
TN:
SF:db.js
FNF:0
FNH:0
DA:3,1
DA:4,1
DA:6,1
DA:10,1
DA:12,1
LF:5
LH:5
BRF:0
BRH:0
end_of_record
TN:
SF:expressError.js
FN:8,(anonymous_0)
FNF:1
FNH:1
FNDA:2,(anonymous_0)
DA:9,2
DA:10,2
DA:11,2
DA:12,2
DA:17,1
LF:5
LH:5
BRDA:12,0,0,0
BRDA:12,0,1,2
BRF:2
BRH:1
end_of_record
TN:
SF:helpers/expressError.js
FN:10,(anonymous_0)
FNF:1
FNH:0
FNDA:0,(anonymous_0)
DA:11,0
DA:12,0
DA:13,0
DA:14,0
DA:18,1
LF:5
LH:1
BRF:0
BRH:0
end_of_record
TN:
SF:helpers/partialUpdate.js
FN:15,sqlForPartialUpdate
FNF:1
FNH:1
FNDA:1,sqlForPartialUpdate
DA:19,1
DA:20,1
DA:23,1
DA:24,1
DA:25,0
DA:29,1
DA:30,1
DA:31,1
DA:35,1
DA:36,1
DA:38,1
DA:39,1
DA:41,1
DA:44,1
LF:14
LH:13
BRDA:24,0,0,0
BRDA:24,0,1,1
BRF:2
BRH:1
end_of_record
TN:
SF:models/company.js
FN:7,(anonymous_0)
FN:47,(anonymous_1)
FN:60,(anonymous_2)
FN:75,(anonymous_3)
FN:76,(anonymous_4)
FN:81,(anonymous_5)
FN:93,(anonymous_6)
FNF:7
FNH:4
FNDA:0,(anonymous_0)
FNDA:5,(anonymous_1)
FNDA:1,(anonymous_2)
FNDA:3,(anonymous_3)
FNDA:3,(anonymous_4)
FNDA:0,(anonymous_5)
FNDA:0,(anonymous_6)
DA:1,1
DA:2,1
DA:3,1
DA:9,0
DA:10,0
DA:11,0
DA:12,0
DA:13,0
DA:14,0
DA:16,0
DA:17,0
DA:18,0
DA:20,0
DA:21,0
DA:22,0
DA:26,0
DA:27,0
DA:28,0
DA:32,0
DA:33,0
DA:34,0
DA:36,0
DA:40,0
DA:49,5
DA:56,5
DA:61,1
DA:69,1
DA:70,0
DA:73,1
DA:74,1
DA:75,3
DA:76,3
DA:78,1
DA:82,0
DA:83,0
DA:85,0
DA:86,0
DA:89,0
DA:94,0
DA:99,0
DA:100,0
DA:103,0
DA:107,1
LF:43
LH:13
BRDA:12,0,0,0
BRDA:12,0,1,0
BRDA:16,1,0,0
BRDA:16,1,1,0
BRDA:20,2,0,0
BRDA:20,2,1,0
BRDA:26,3,0,0
BRDA:26,3,1,0
BRDA:26,4,0,0
BRDA:26,4,1,0
BRDA:27,5,0,0
BRDA:27,5,1,0
BRDA:33,6,0,0
BRDA:33,6,1,0
BRDA:69,7,0,0
BRDA:69,7,1,1
BRDA:76,8,0,3
BRDA:76,8,1,3
BRDA:76,8,2,3
BRDA:85,9,0,0
BRDA:85,9,1,0
BRDA:99,10,0,0
BRDA:99,10,1,0
BRF:23
BRH:4
end_of_record
TN:
SF:models/job.js
FN:14,(anonymous_0)
FN:31,(anonymous_1)
FN:65,(anonymous_2)
FN:78,(anonymous_3)
FN:94,(anonymous_4)
FNF:5
FNH:5
FNDA:12,(anonymous_0)
FNDA:6,(anonymous_1)
FNDA:1,(anonymous_2)
FNDA:1,(anonymous_3)
FNDA:1,(anonymous_4)
DA:1,1
DA:2,1
DA:3,1
DA:15,12
DA:22,11
DA:23,11
DA:32,6
DA:33,6
DA:34,6
DA:36,6
DA:37,7
DA:38,2
DA:39,2
DA:41,7
DA:42,3
DA:43,3
DA:45,7
DA:46,2
DA:47,2
DA:51,6
DA:52,5
DA:55,6
DA:56,6
DA:57,6
DA:66,1
DA:70,1
DA:79,1
DA:80,1
DA:82,1
DA:83,0
DA:86,1
DA:95,1
DA:100,1
DA:104,1
LF:34
LH:33
BRDA:22,0,0,0
BRDA:22,0,1,11
BRDA:37,1,0,2
BRDA:37,1,1,5
BRDA:41,2,0,3
BRDA:41,2,1,4
BRDA:45,3,0,2
BRDA:45,3,1,5
BRDA:51,4,0,5
BRDA:51,4,1,1
BRDA:82,5,0,0
BRDA:82,5,1,1
BRF:12
BRH:10
end_of_record
TN:
SF:routes/companies.js
FN:14,(anonymous_0)
FN:29,(anonymous_1)
FN:34,(anonymous_2)
FN:49,(anonymous_3)
FN:65,(anonymous_4)
FN:70,(anonymous_5)
FN:88,(anonymous_6)
FNF:7
FNH:2
FNDA:0,(anonymous_0)
FNDA:5,(anonymous_1)
FNDA:0,(anonymous_2)
FNDA:1,(anonymous_3)
FNDA:0,(anonymous_4)
FNDA:0,(anonymous_5)
FNDA:0,(anonymous_6)
DA:1,1
DA:2,1
DA:3,1
DA:4,1
DA:5,1
DA:6,1
DA:7,1
DA:14,1
DA:15,0
DA:16,0
DA:18,0
DA:20,0
DA:29,1
DA:30,5
DA:31,5
DA:33,5
DA:34,0
DA:35,0
DA:37,5
DA:38,5
DA:40,0
DA:49,1
DA:50,1
DA:51,1
DA:52,1
DA:54,1
DA:56,0
DA:65,1
DA:66,0
DA:68,0
DA:69,0
DA:70,0
DA:71,0
DA:74,0
DA:75,0
DA:77,0
DA:79,0
DA:88,1
DA:89,0
DA:90,0
DA:92,0
DA:94,0
DA:96,0
DA:100,1
LF:44
LH:22
BRDA:33,0,0,0
BRDA:33,0,1,5
BRDA:69,1,0,0
BRDA:69,1,1,0
BRF:4
BRH:1
end_of_record
TN:
SF:routes/jobs.js
FN:14,(anonymous_0)
FN:19,(anonymous_1)
FN:39,(anonymous_2)
FN:53,(anonymous_3)
FN:69,(anonymous_4)
FN:76,(anonymous_5)
FN:91,(anonymous_6)
FNF:7
FNH:6
FNDA:13,(anonymous_0)
FNDA:1,(anonymous_1)
FNDA:6,(anonymous_2)
FNDA:1,(anonymous_3)
FNDA:1,(anonymous_4)
FNDA:0,(anonymous_5)
FNDA:1,(anonymous_6)
DA:1,1
DA:2,1
DA:3,1
DA:4,1
DA:5,1
DA:6,1
DA:7,1
DA:14,1
DA:15,13
DA:17,13
DA:18,13
DA:19,1
DA:20,1
DA:22,12
DA:23,11
DA:25,2
DA:26,1
DA:27,1
DA:30,1
DA:39,1
DA:40,6
DA:41,6
DA:42,6
DA:44,0
DA:53,1
DA:54,1
DA:55,1
DA:56,1
DA:57,1
DA:60,0
DA:69,1
DA:70,1
DA:71,1
DA:72,1
DA:74,1
DA:75,1
DA:76,0
DA:77,0
DA:80,1
DA:82,0
DA:91,1
DA:92,1
DA:93,1
DA:94,1
DA:95,1
DA:97,0
DA:101,1
LF:47
LH:41
BRDA:18,0,0,1
BRDA:18,0,1,12
BRDA:25,1,0,1
BRDA:25,1,1,1
BRDA:26,2,0,1
BRDA:26,2,1,0
BRDA:75,3,0,0
BRDA:75,3,1,1
BRF:8
BRH:6
end_of_record
